31-Aug-2023 08:22:27.557 INFO [main] org.apache.catalina.startup.VersionLoggerListener.log Server version name:   Apache Tomcat/10.1.7
31-Aug-2023 08:22:27.561 INFO [main] org.apache.catalina.startup.VersionLoggerListener.log Server built:          Feb 27 2023 20:25:27 UTC
31-Aug-2023 08:22:27.562 INFO [main] org.apache.catalina.startup.VersionLoggerListener.log Server version number: 10.1.7.0
31-Aug-2023 08:22:27.562 INFO [main] org.apache.catalina.startup.VersionLoggerListener.log OS Name:               Windows 10
31-Aug-2023 08:22:27.562 INFO [main] org.apache.catalina.startup.VersionLoggerListener.log OS Version:            10.0
31-Aug-2023 08:22:27.562 INFO [main] org.apache.catalina.startup.VersionLoggerListener.log Architecture:          amd64
31-Aug-2023 08:22:27.562 INFO [main] org.apache.catalina.startup.VersionLoggerListener.log Java Home:             C:\Program Files\Java\jdk-17.0.2
31-Aug-2023 08:22:27.562 INFO [main] org.apache.catalina.startup.VersionLoggerListener.log JVM Version:           17.0.2+8-LTS-86
31-Aug-2023 08:22:27.562 INFO [main] org.apache.catalina.startup.VersionLoggerListener.log JVM Vendor:            Oracle Corporation
31-Aug-2023 08:22:27.562 INFO [main] org.apache.catalina.startup.VersionLoggerListener.log CATALINA_BASE:         C:\Users\evelyn_dutra\Documents\JavaWeb\apache-tomcat-10.1.7
31-Aug-2023 08:22:27.562 INFO [main] org.apache.catalina.startup.VersionLoggerListener.log CATALINA_HOME:         C:\Users\evelyn_dutra\Documents\JavaWeb\apache-tomcat-10.1.7
31-Aug-2023 08:22:27.573 INFO [main] org.apache.catalina.startup.VersionLoggerListener.log Command line argument: -Djava.util.logging.config.file=C:\Users\evelyn_dutra\Documents\JavaWeb\apache-tomcat-10.1.7\conf\logging.properties
31-Aug-2023 08:22:27.573 INFO [main] org.apache.catalina.startup.VersionLoggerListener.log Command line argument: -Djava.util.logging.manager=org.apache.juli.ClassLoaderLogManager
31-Aug-2023 08:22:27.573 INFO [main] org.apache.catalina.startup.VersionLoggerListener.log Command line argument: -Dhttp.nonProxyHosts=localhost|127.0.0.1|SN-344667
31-Aug-2023 08:22:27.573 INFO [main] org.apache.catalina.startup.VersionLoggerListener.log Command line argument: -Djdk.tls.ephemeralDHKeySize=2048
31-Aug-2023 08:22:27.574 INFO [main] org.apache.catalina.startup.VersionLoggerListener.log Command line argument: -Djava.protocol.handler.pkgs=org.apache.catalina.webresources
31-Aug-2023 08:22:27.574 INFO [main] org.apache.catalina.startup.VersionLoggerListener.log Command line argument: --add-opens=java.base/java.lang=ALL-UNNAMED
31-Aug-2023 08:22:27.574 INFO [main] org.apache.catalina.startup.VersionLoggerListener.log Command line argument: --add-opens=java.base/java.io=ALL-UNNAMED
31-Aug-2023 08:22:27.574 INFO [main] org.apache.catalina.startup.VersionLoggerListener.log Command line argument: --add-opens=java.base/java.util=ALL-UNNAMED
31-Aug-2023 08:22:27.574 INFO [main] org.apache.catalina.startup.VersionLoggerListener.log Command line argument: --add-opens=java.base/java.util.concurrent=ALL-UNNAMED
31-Aug-2023 08:22:27.574 INFO [main] org.apache.catalina.startup.VersionLoggerListener.log Command line argument: --add-opens=java.rmi/sun.rmi.transport=ALL-UNNAMED
31-Aug-2023 08:22:27.574 INFO [main] org.apache.catalina.startup.VersionLoggerListener.log Command line argument: -Dcatalina.base=C:\Users\evelyn_dutra\Documents\JavaWeb\apache-tomcat-10.1.7
31-Aug-2023 08:22:27.574 INFO [main] org.apache.catalina.startup.VersionLoggerListener.log Command line argument: -Dcatalina.home=C:\Users\evelyn_dutra\Documents\JavaWeb\apache-tomcat-10.1.7
31-Aug-2023 08:22:27.574 INFO [main] org.apache.catalina.startup.VersionLoggerListener.log Command line argument: -Djava.io.tmpdir=C:\Users\evelyn_dutra\Documents\JavaWeb\apache-tomcat-10.1.7\temp
31-Aug-2023 08:22:27.586 INFO [main] org.apache.catalina.core.AprLifecycleListener.lifecycleEvent The Apache Tomcat Native library which allows using OpenSSL was not found on the java.library.path: [C:\Program Files\Java\jdk-17.0.2\bin;C:\Windows\Sun\Java\bin;C:\Windows\system32;C:\Windows;C:\Program Files (x86)\NVIDIA Corporation\PhysX\Common;C:\Program Files\Common Files\Oracle\Java\javapath;C:\Program Files (x86)\Common Files\Oracle\Java\javapath;C:\Windows\system32;C:\Windows;C:\Windows\System32\Wbem;C:\Windows\System32\WindowsPowerShell\v1.0\;C:\Windows\System32\OpenSSH\;C:\Program Files (x86)\IronRuby 1.1\bin;C:\Program Files\Git\cmd;C:\Program Files\Inkscape\bin;C:\Program Files (x86)\IVI Foundation\VISA\WinNT\Bin;C:\Program Files\Azure Data Studio\bin;C:\Program Files\nodejs\;C:\ProgramData\UNIVALI\Portugol Studio;C:\Program Files\MATLAB\R2021a\runtime\win64;C:\Program Files\MATLAB\R2021a\bin;C:\Program Files\dotnet\;C:\Program Files\Microsoft SQL Server\120\Tools\Binn\;C:\Program Files\Microsoft SQL Server\Client SDK\ODBC\110\Tools\Binn\;C:\Program Files (x86)\Microsoft SQL Server\120\Tools\Binn\;C:\Program Files\Microsoft SQL Server\120\DTS\Binn\;C:\Program Files (x86)\Windows Kits\8.1\Windows Performance Toolkit\;C:\Program Files\Common Files\Autodesk Shared\;C:\Program Files\CodeBlocks\MinGW\bin;C:\Users\Default\AppData\Roaming\npm;C:\Users\Default\AppData\Roaming\node_modules\@angular\cli\bin;C:\Users\evelyn_dutra\AppData\Local\Microsoft\WindowsApps;;C:\Users\evelyn_dutra\AppData\Local\Programs\Microsoft VS Code\bin;.]
31-Aug-2023 08:22:27.813 INFO [main] org.apache.coyote.AbstractProtocol.init Initializing ProtocolHandler ["http-nio-8080"]
31-Aug-2023 08:22:27.836 INFO [main] org.apache.catalina.startup.Catalina.load Server initialization in [474] milliseconds
31-Aug-2023 08:22:27.884 INFO [main] org.apache.catalina.core.StandardService.startInternal Starting service [Catalina]
31-Aug-2023 08:22:27.884 INFO [main] org.apache.catalina.core.StandardEngine.startInternal Starting Servlet engine: [Apache Tomcat/10.1.7]
31-Aug-2023 08:22:27.894 INFO [main] org.apache.catalina.startup.HostConfig.deployDescriptor Deploying deployment descriptor [C:\Users\evelyn_dutra\Documents\JavaWeb\apache-tomcat-10.1.7\conf\Catalina\localhost\JavaWeb.xml]
31-Aug-2023 08:22:27.916 WARNING [main] org.apache.catalina.startup.HostConfig.deployDescriptor The path attribute with value [/JavaWeb] in deployment descriptor [C:\Users\evelyn_dutra\Documents\JavaWeb\apache-tomcat-10.1.7\conf\Catalina\localhost\JavaWeb.xml] has been ignored
31-Aug-2023 08:22:28.843 INFO [main] org.apache.jasper.servlet.TldScanner.scanJars At least one JAR was scanned for TLDs yet contained no TLDs. Enable debug logging for this logger for a complete list of JARs that were scanned but no TLDs were found in them. Skipping unneeded JARs during scanning can improve startup time and JSP compilation time.
31-Aug-2023 08:22:28.914 INFO [main] org.apache.catalina.startup.HostConfig.deployDescriptor Deployment of deployment descriptor [C:\Users\evelyn_dutra\Documents\JavaWeb\apache-tomcat-10.1.7\conf\Catalina\localhost\JavaWeb.xml] has finished in [1.018] ms
31-Aug-2023 08:22:28.914 INFO [main] org.apache.catalina.startup.HostConfig.deployDirectory Diretório de instalação da aplicação web [C:\Users\evelyn_dutra\Documents\JavaWeb\apache-tomcat-10.1.7\webapps\docs]
31-Aug-2023 08:22:28.949 INFO [main] org.apache.catalina.startup.HostConfig.deployDirectory Deployment of web application directory [C:\Users\evelyn_dutra\Documents\JavaWeb\apache-tomcat-10.1.7\webapps\docs] has finished in [35] ms
31-Aug-2023 08:22:28.950 INFO [main] org.apache.catalina.startup.HostConfig.deployDirectory Diretório de instalação da aplicação web [C:\Users\evelyn_dutra\Documents\JavaWeb\apache-tomcat-10.1.7\webapps\examples]
31-Aug-2023 08:22:29.441 INFO [main] org.apache.catalina.startup.HostConfig.deployDirectory Deployment of web application directory [C:\Users\evelyn_dutra\Documents\JavaWeb\apache-tomcat-10.1.7\webapps\examples] has finished in [491] ms
31-Aug-2023 08:22:29.441 INFO [main] org.apache.catalina.startup.HostConfig.deployDirectory Diretório de instalação da aplicação web [C:\Users\evelyn_dutra\Documents\JavaWeb\apache-tomcat-10.1.7\webapps\host-manager]
31-Aug-2023 08:22:29.491 INFO [main] org.apache.catalina.startup.HostConfig.deployDirectory Deployment of web application directory [C:\Users\evelyn_dutra\Documents\JavaWeb\apache-tomcat-10.1.7\webapps\host-manager] has finished in [50] ms
31-Aug-2023 08:22:29.492 INFO [main] org.apache.catalina.startup.HostConfig.deployDirectory Diretório de instalação da aplicação web [C:\Users\evelyn_dutra\Documents\JavaWeb\apache-tomcat-10.1.7\webapps\manager]
31-Aug-2023 08:22:29.537 INFO [main] org.apache.catalina.startup.HostConfig.deployDirectory Deployment of web application directory [C:\Users\evelyn_dutra\Documents\JavaWeb\apache-tomcat-10.1.7\webapps\manager] has finished in [45] ms
31-Aug-2023 08:22:29.537 INFO [main] org.apache.catalina.startup.HostConfig.deployDirectory Diretório de instalação da aplicação web [C:\Users\evelyn_dutra\Documents\JavaWeb\apache-tomcat-10.1.7\webapps\ROOT]
31-Aug-2023 08:22:29.562 INFO [main] org.apache.catalina.startup.HostConfig.deployDirectory Deployment of web application directory [C:\Users\evelyn_dutra\Documents\JavaWeb\apache-tomcat-10.1.7\webapps\ROOT] has finished in [25] ms
31-Aug-2023 08:22:29.565 INFO [main] org.apache.coyote.AbstractProtocol.start Starting ProtocolHandler ["http-nio-8080"]
31-Aug-2023 08:22:29.599 INFO [main] org.apache.catalina.startup.Catalina.start Server startup in [1763] milliseconds
