18-Aug-2023 07:55:56.565 INFO [main] org.apache.catalina.startup.VersionLoggerListener.log Server version name:   Apache Tomcat/10.1.7
18-Aug-2023 07:55:56.569 INFO [main] org.apache.catalina.startup.VersionLoggerListener.log Server built:          Feb 27 2023 20:25:27 UTC
18-Aug-2023 07:55:56.570 INFO [main] org.apache.catalina.startup.VersionLoggerListener.log Server version number: 10.1.7.0
18-Aug-2023 07:55:56.570 INFO [main] org.apache.catalina.startup.VersionLoggerListener.log OS Name:               Windows 10
18-Aug-2023 07:55:56.570 INFO [main] org.apache.catalina.startup.VersionLoggerListener.log OS Version:            10.0
18-Aug-2023 07:55:56.570 INFO [main] org.apache.catalina.startup.VersionLoggerListener.log Architecture:          amd64
18-Aug-2023 07:55:56.570 INFO [main] org.apache.catalina.startup.VersionLoggerListener.log Java Home:             C:\Program Files\Java\jdk-17.0.2
18-Aug-2023 07:55:56.570 INFO [main] org.apache.catalina.startup.VersionLoggerListener.log JVM Version:           17.0.2+8-LTS-86
18-Aug-2023 07:55:56.570 INFO [main] org.apache.catalina.startup.VersionLoggerListener.log JVM Vendor:            Oracle Corporation
18-Aug-2023 07:55:56.570 INFO [main] org.apache.catalina.startup.VersionLoggerListener.log CATALINA_BASE:         C:\Users\evelyn_dutra\Documents\JavaWeb\apache-tomcat-10.1.7
18-Aug-2023 07:55:56.571 INFO [main] org.apache.catalina.startup.VersionLoggerListener.log CATALINA_HOME:         C:\Users\evelyn_dutra\Documents\JavaWeb\apache-tomcat-10.1.7
18-Aug-2023 07:55:56.580 INFO [main] org.apache.catalina.startup.VersionLoggerListener.log Command line argument: -Djava.util.logging.config.file=C:\Users\evelyn_dutra\Documents\JavaWeb\apache-tomcat-10.1.7\conf\logging.properties
18-Aug-2023 07:55:56.580 INFO [main] org.apache.catalina.startup.VersionLoggerListener.log Command line argument: -Djava.util.logging.manager=org.apache.juli.ClassLoaderLogManager
18-Aug-2023 07:55:56.581 INFO [main] org.apache.catalina.startup.VersionLoggerListener.log Command line argument: -Dhttp.nonProxyHosts=localhost|127.0.0.1|SN-344667
18-Aug-2023 07:55:56.581 INFO [main] org.apache.catalina.startup.VersionLoggerListener.log Command line argument: -Djdk.tls.ephemeralDHKeySize=2048
18-Aug-2023 07:55:56.581 INFO [main] org.apache.catalina.startup.VersionLoggerListener.log Command line argument: -Djava.protocol.handler.pkgs=org.apache.catalina.webresources
18-Aug-2023 07:55:56.581 INFO [main] org.apache.catalina.startup.VersionLoggerListener.log Command line argument: --add-opens=java.base/java.lang=ALL-UNNAMED
18-Aug-2023 07:55:56.581 INFO [main] org.apache.catalina.startup.VersionLoggerListener.log Command line argument: --add-opens=java.base/java.io=ALL-UNNAMED
18-Aug-2023 07:55:56.582 INFO [main] org.apache.catalina.startup.VersionLoggerListener.log Command line argument: --add-opens=java.base/java.util=ALL-UNNAMED
18-Aug-2023 07:55:56.582 INFO [main] org.apache.catalina.startup.VersionLoggerListener.log Command line argument: --add-opens=java.base/java.util.concurrent=ALL-UNNAMED
18-Aug-2023 07:55:56.582 INFO [main] org.apache.catalina.startup.VersionLoggerListener.log Command line argument: --add-opens=java.rmi/sun.rmi.transport=ALL-UNNAMED
18-Aug-2023 07:55:56.582 INFO [main] org.apache.catalina.startup.VersionLoggerListener.log Command line argument: -Dcatalina.base=C:\Users\evelyn_dutra\Documents\JavaWeb\apache-tomcat-10.1.7
18-Aug-2023 07:55:56.582 INFO [main] org.apache.catalina.startup.VersionLoggerListener.log Command line argument: -Dcatalina.home=C:\Users\evelyn_dutra\Documents\JavaWeb\apache-tomcat-10.1.7
18-Aug-2023 07:55:56.582 INFO [main] org.apache.catalina.startup.VersionLoggerListener.log Command line argument: -Djava.io.tmpdir=C:\Users\evelyn_dutra\Documents\JavaWeb\apache-tomcat-10.1.7\temp
18-Aug-2023 07:55:56.593 INFO [main] org.apache.catalina.core.AprLifecycleListener.lifecycleEvent The Apache Tomcat Native library which allows using OpenSSL was not found on the java.library.path: [C:\Program Files\Java\jdk-17.0.2\bin;C:\Windows\Sun\Java\bin;C:\Windows\system32;C:\Windows;C:\Program Files (x86)\NVIDIA Corporation\PhysX\Common;C:\Program Files\Common Files\Oracle\Java\javapath;C:\Program Files (x86)\Common Files\Oracle\Java\javapath;C:\Windows\system32;C:\Windows;C:\Windows\System32\Wbem;C:\Windows\System32\WindowsPowerShell\v1.0\;C:\Windows\System32\OpenSSH\;C:\Program Files (x86)\IronRuby 1.1\bin;C:\Program Files\Git\cmd;C:\Program Files\Inkscape\bin;C:\Program Files (x86)\IVI Foundation\VISA\WinNT\Bin;C:\Program Files\Azure Data Studio\bin;C:\Program Files\nodejs\;C:\ProgramData\UNIVALI\Portugol Studio;C:\Program Files\MATLAB\R2021a\runtime\win64;C:\Program Files\MATLAB\R2021a\bin;C:\Program Files\dotnet\;C:\Program Files\Microsoft SQL Server\120\Tools\Binn\;C:\Program Files\Microsoft SQL Server\Client SDK\ODBC\110\Tools\Binn\;C:\Program Files (x86)\Microsoft SQL Server\120\Tools\Binn\;C:\Program Files\Microsoft SQL Server\120\DTS\Binn\;C:\Program Files (x86)\Windows Kits\8.1\Windows Performance Toolkit\;C:\Program Files\Common Files\Autodesk Shared\;C:\Program Files\CodeBlocks\MinGW\bin;C:\Users\Default\AppData\Roaming\npm;C:\Users\Default\AppData\Roaming\node_modules\@angular\cli\bin;C:\Users\evelyn_dutra\AppData\Local\Microsoft\WindowsApps;;.]
18-Aug-2023 07:55:56.877 INFO [main] org.apache.coyote.AbstractProtocol.init Initializing ProtocolHandler ["http-nio-8080"]
18-Aug-2023 07:55:56.898 INFO [main] org.apache.catalina.startup.Catalina.load Server initialization in [546] milliseconds
18-Aug-2023 07:55:56.945 INFO [main] org.apache.catalina.core.StandardService.startInternal Starting service [Catalina]
18-Aug-2023 07:55:56.946 INFO [main] org.apache.catalina.core.StandardEngine.startInternal Starting Servlet engine: [Apache Tomcat/10.1.7]
18-Aug-2023 07:55:56.955 INFO [main] org.apache.catalina.startup.HostConfig.deployDescriptor Deploying deployment descriptor [C:\Users\evelyn_dutra\Documents\JavaWeb\apache-tomcat-10.1.7\conf\Catalina\localhost\JavaWeb.xml]
18-Aug-2023 07:55:56.973 WARNING [main] org.apache.catalina.startup.HostConfig.deployDescriptor The path attribute with value [/JavaWeb] in deployment descriptor [C:\Users\evelyn_dutra\Documents\JavaWeb\apache-tomcat-10.1.7\conf\Catalina\localhost\JavaWeb.xml] has been ignored
18-Aug-2023 07:55:57.308 INFO [main] org.apache.catalina.startup.HostConfig.deployDescriptor Deployment of deployment descriptor [C:\Users\evelyn_dutra\Documents\JavaWeb\apache-tomcat-10.1.7\conf\Catalina\localhost\JavaWeb.xml] has finished in [349] ms
18-Aug-2023 07:55:57.308 INFO [main] org.apache.catalina.startup.HostConfig.deployDescriptor Deploying deployment descriptor [C:\Users\evelyn_dutra\Documents\JavaWeb\apache-tomcat-10.1.7\conf\Catalina\localhost\WebLocadora303.xml]
18-Aug-2023 07:55:57.310 WARNING [main] org.apache.catalina.startup.HostConfig.deployDescriptor The path attribute with value [/WebLocadora303] in deployment descriptor [C:\Users\evelyn_dutra\Documents\JavaWeb\apache-tomcat-10.1.7\conf\Catalina\localhost\WebLocadora303.xml] has been ignored
18-Aug-2023 07:55:57.913 INFO [main] org.apache.jasper.servlet.TldScanner.scanJars At least one JAR was scanned for TLDs yet contained no TLDs. Enable debug logging for this logger for a complete list of JARs that were scanned but no TLDs were found in them. Skipping unneeded JARs during scanning can improve startup time and JSP compilation time.
18-Aug-2023 07:55:57.916 INFO [main] org.apache.catalina.startup.HostConfig.deployDescriptor Deployment of deployment descriptor [C:\Users\evelyn_dutra\Documents\JavaWeb\apache-tomcat-10.1.7\conf\Catalina\localhost\WebLocadora303.xml] has finished in [608] ms
18-Aug-2023 07:55:57.917 INFO [main] org.apache.catalina.startup.HostConfig.deployDirectory Diretório de instalação da aplicação web [C:\Users\evelyn_dutra\Documents\JavaWeb\apache-tomcat-10.1.7\webapps\docs]
18-Aug-2023 07:55:57.957 INFO [main] org.apache.catalina.startup.HostConfig.deployDirectory Deployment of web application directory [C:\Users\evelyn_dutra\Documents\JavaWeb\apache-tomcat-10.1.7\webapps\docs] has finished in [40] ms
18-Aug-2023 07:55:57.957 INFO [main] org.apache.catalina.startup.HostConfig.deployDirectory Diretório de instalação da aplicação web [C:\Users\evelyn_dutra\Documents\JavaWeb\apache-tomcat-10.1.7\webapps\examples]
18-Aug-2023 07:55:58.446 INFO [main] org.apache.catalina.startup.HostConfig.deployDirectory Deployment of web application directory [C:\Users\evelyn_dutra\Documents\JavaWeb\apache-tomcat-10.1.7\webapps\examples] has finished in [489] ms
18-Aug-2023 07:55:58.446 INFO [main] org.apache.catalina.startup.HostConfig.deployDirectory Diretório de instalação da aplicação web [C:\Users\evelyn_dutra\Documents\JavaWeb\apache-tomcat-10.1.7\webapps\host-manager]
18-Aug-2023 07:55:58.489 INFO [main] org.apache.catalina.startup.HostConfig.deployDirectory Deployment of web application directory [C:\Users\evelyn_dutra\Documents\JavaWeb\apache-tomcat-10.1.7\webapps\host-manager] has finished in [43] ms
18-Aug-2023 07:55:58.490 INFO [main] org.apache.catalina.startup.HostConfig.deployDirectory Diretório de instalação da aplicação web [C:\Users\evelyn_dutra\Documents\JavaWeb\apache-tomcat-10.1.7\webapps\manager]
18-Aug-2023 07:55:58.534 INFO [main] org.apache.catalina.startup.HostConfig.deployDirectory Deployment of web application directory [C:\Users\evelyn_dutra\Documents\JavaWeb\apache-tomcat-10.1.7\webapps\manager] has finished in [43] ms
18-Aug-2023 07:55:58.534 INFO [main] org.apache.catalina.startup.HostConfig.deployDirectory Diretório de instalação da aplicação web [C:\Users\evelyn_dutra\Documents\JavaWeb\apache-tomcat-10.1.7\webapps\ROOT]
18-Aug-2023 07:55:58.558 INFO [main] org.apache.catalina.startup.HostConfig.deployDirectory Deployment of web application directory [C:\Users\evelyn_dutra\Documents\JavaWeb\apache-tomcat-10.1.7\webapps\ROOT] has finished in [24] ms
18-Aug-2023 07:55:58.562 INFO [main] org.apache.coyote.AbstractProtocol.start Starting ProtocolHandler ["http-nio-8080"]
18-Aug-2023 07:55:58.607 INFO [main] org.apache.catalina.startup.Catalina.start Server startup in [1709] milliseconds
