23-Aug-2023 07:27:47.873 INFO [main] org.apache.catalina.startup.VersionLoggerListener.log Server version name:   Apache Tomcat/10.1.7
23-Aug-2023 07:27:47.877 INFO [main] org.apache.catalina.startup.VersionLoggerListener.log Server built:          Feb 27 2023 20:25:27 UTC
23-Aug-2023 07:27:47.878 INFO [main] org.apache.catalina.startup.VersionLoggerListener.log Server version number: 10.1.7.0
23-Aug-2023 07:27:47.878 INFO [main] org.apache.catalina.startup.VersionLoggerListener.log OS Name:               Windows 10
23-Aug-2023 07:27:47.878 INFO [main] org.apache.catalina.startup.VersionLoggerListener.log OS Version:            10.0
23-Aug-2023 07:27:47.878 INFO [main] org.apache.catalina.startup.VersionLoggerListener.log Architecture:          amd64
23-Aug-2023 07:27:47.878 INFO [main] org.apache.catalina.startup.VersionLoggerListener.log Java Home:             C:\Program Files\Java\jdk-17.0.2
23-Aug-2023 07:27:47.878 INFO [main] org.apache.catalina.startup.VersionLoggerListener.log JVM Version:           17.0.2+8-LTS-86
23-Aug-2023 07:27:47.878 INFO [main] org.apache.catalina.startup.VersionLoggerListener.log JVM Vendor:            Oracle Corporation
23-Aug-2023 07:27:47.878 INFO [main] org.apache.catalina.startup.VersionLoggerListener.log CATALINA_BASE:         C:\Users\evelyn_dutra\Documents\JavaWeb\apache-tomcat-10.1.7
23-Aug-2023 07:27:47.879 INFO [main] org.apache.catalina.startup.VersionLoggerListener.log CATALINA_HOME:         C:\Users\evelyn_dutra\Documents\JavaWeb\apache-tomcat-10.1.7
23-Aug-2023 07:27:47.890 INFO [main] org.apache.catalina.startup.VersionLoggerListener.log Command line argument: -Djava.util.logging.config.file=C:\Users\evelyn_dutra\Documents\JavaWeb\apache-tomcat-10.1.7\conf\logging.properties
23-Aug-2023 07:27:47.890 INFO [main] org.apache.catalina.startup.VersionLoggerListener.log Command line argument: -Djava.util.logging.manager=org.apache.juli.ClassLoaderLogManager
23-Aug-2023 07:27:47.890 INFO [main] org.apache.catalina.startup.VersionLoggerListener.log Command line argument: -Dhttp.nonProxyHosts=localhost|127.0.0.1|SN-344667
23-Aug-2023 07:27:47.890 INFO [main] org.apache.catalina.startup.VersionLoggerListener.log Command line argument: -Djdk.tls.ephemeralDHKeySize=2048
23-Aug-2023 07:27:47.890 INFO [main] org.apache.catalina.startup.VersionLoggerListener.log Command line argument: -Djava.protocol.handler.pkgs=org.apache.catalina.webresources
23-Aug-2023 07:27:47.890 INFO [main] org.apache.catalina.startup.VersionLoggerListener.log Command line argument: --add-opens=java.base/java.lang=ALL-UNNAMED
23-Aug-2023 07:27:47.890 INFO [main] org.apache.catalina.startup.VersionLoggerListener.log Command line argument: --add-opens=java.base/java.io=ALL-UNNAMED
23-Aug-2023 07:27:47.891 INFO [main] org.apache.catalina.startup.VersionLoggerListener.log Command line argument: --add-opens=java.base/java.util=ALL-UNNAMED
23-Aug-2023 07:27:47.891 INFO [main] org.apache.catalina.startup.VersionLoggerListener.log Command line argument: --add-opens=java.base/java.util.concurrent=ALL-UNNAMED
23-Aug-2023 07:27:47.891 INFO [main] org.apache.catalina.startup.VersionLoggerListener.log Command line argument: --add-opens=java.rmi/sun.rmi.transport=ALL-UNNAMED
23-Aug-2023 07:27:47.891 INFO [main] org.apache.catalina.startup.VersionLoggerListener.log Command line argument: -Dcatalina.base=C:\Users\evelyn_dutra\Documents\JavaWeb\apache-tomcat-10.1.7
23-Aug-2023 07:27:47.891 INFO [main] org.apache.catalina.startup.VersionLoggerListener.log Command line argument: -Dcatalina.home=C:\Users\evelyn_dutra\Documents\JavaWeb\apache-tomcat-10.1.7
23-Aug-2023 07:27:47.891 INFO [main] org.apache.catalina.startup.VersionLoggerListener.log Command line argument: -Djava.io.tmpdir=C:\Users\evelyn_dutra\Documents\JavaWeb\apache-tomcat-10.1.7\temp
23-Aug-2023 07:27:47.902 INFO [main] org.apache.catalina.core.AprLifecycleListener.lifecycleEvent The Apache Tomcat Native library which allows using OpenSSL was not found on the java.library.path: [C:\Program Files\Java\jdk-17.0.2\bin;C:\Windows\Sun\Java\bin;C:\Windows\system32;C:\Windows;C:\Program Files (x86)\NVIDIA Corporation\PhysX\Common;C:\Program Files\Common Files\Oracle\Java\javapath;C:\Program Files (x86)\Common Files\Oracle\Java\javapath;C:\Windows\system32;C:\Windows;C:\Windows\System32\Wbem;C:\Windows\System32\WindowsPowerShell\v1.0\;C:\Windows\System32\OpenSSH\;C:\Program Files (x86)\IronRuby 1.1\bin;C:\Program Files\Git\cmd;C:\Program Files\Inkscape\bin;C:\Program Files (x86)\IVI Foundation\VISA\WinNT\Bin;C:\Program Files\Azure Data Studio\bin;C:\Program Files\nodejs\;C:\ProgramData\UNIVALI\Portugol Studio;C:\Program Files\MATLAB\R2021a\runtime\win64;C:\Program Files\MATLAB\R2021a\bin;C:\Program Files\dotnet\;C:\Program Files\Microsoft SQL Server\120\Tools\Binn\;C:\Program Files\Microsoft SQL Server\Client SDK\ODBC\110\Tools\Binn\;C:\Program Files (x86)\Microsoft SQL Server\120\Tools\Binn\;C:\Program Files\Microsoft SQL Server\120\DTS\Binn\;C:\Program Files (x86)\Windows Kits\8.1\Windows Performance Toolkit\;C:\Program Files\Common Files\Autodesk Shared\;C:\Program Files\CodeBlocks\MinGW\bin;C:\Users\Default\AppData\Roaming\npm;C:\Users\Default\AppData\Roaming\node_modules\@angular\cli\bin;C:\Users\evelyn_dutra\AppData\Local\Microsoft\WindowsApps;;.]
23-Aug-2023 07:27:48.174 INFO [main] org.apache.coyote.AbstractProtocol.init Initializing ProtocolHandler ["http-nio-8080"]
23-Aug-2023 07:27:48.196 INFO [main] org.apache.catalina.startup.Catalina.load Server initialization in [518] milliseconds
23-Aug-2023 07:27:48.242 INFO [main] org.apache.catalina.core.StandardService.startInternal Starting service [Catalina]
23-Aug-2023 07:27:48.243 INFO [main] org.apache.catalina.core.StandardEngine.startInternal Starting Servlet engine: [Apache Tomcat/10.1.7]
23-Aug-2023 07:27:48.254 INFO [main] org.apache.catalina.startup.HostConfig.deployDescriptor Deploying deployment descriptor [C:\Users\evelyn_dutra\Documents\JavaWeb\apache-tomcat-10.1.7\conf\Catalina\localhost\JavaWeb.xml]
23-Aug-2023 07:27:48.274 WARNING [main] org.apache.catalina.startup.HostConfig.deployDescriptor The path attribute with value [/JavaWeb] in deployment descriptor [C:\Users\evelyn_dutra\Documents\JavaWeb\apache-tomcat-10.1.7\conf\Catalina\localhost\JavaWeb.xml] has been ignored
23-Aug-2023 07:27:48.605 INFO [main] org.apache.catalina.startup.HostConfig.deployDescriptor Deployment of deployment descriptor [C:\Users\evelyn_dutra\Documents\JavaWeb\apache-tomcat-10.1.7\conf\Catalina\localhost\JavaWeb.xml] has finished in [350] ms
23-Aug-2023 07:27:48.605 INFO [main] org.apache.catalina.startup.HostConfig.deployDescriptor Deploying deployment descriptor [C:\Users\evelyn_dutra\Documents\JavaWeb\apache-tomcat-10.1.7\conf\Catalina\localhost\WebLocadora303.xml]
23-Aug-2023 07:27:48.607 WARNING [main] org.apache.catalina.startup.HostConfig.deployDescriptor The path attribute with value [/WebLocadora303] in deployment descriptor [C:\Users\evelyn_dutra\Documents\JavaWeb\apache-tomcat-10.1.7\conf\Catalina\localhost\WebLocadora303.xml] has been ignored
23-Aug-2023 07:27:49.214 INFO [main] org.apache.jasper.servlet.TldScanner.scanJars At least one JAR was scanned for TLDs yet contained no TLDs. Enable debug logging for this logger for a complete list of JARs that were scanned but no TLDs were found in them. Skipping unneeded JARs during scanning can improve startup time and JSP compilation time.
23-Aug-2023 07:27:49.217 INFO [main] org.apache.catalina.startup.HostConfig.deployDescriptor Deployment of deployment descriptor [C:\Users\evelyn_dutra\Documents\JavaWeb\apache-tomcat-10.1.7\conf\Catalina\localhost\WebLocadora303.xml] has finished in [612] ms
23-Aug-2023 07:27:49.218 INFO [main] org.apache.catalina.startup.HostConfig.deployDirectory Diretório de instalação da aplicação web [C:\Users\evelyn_dutra\Documents\JavaWeb\apache-tomcat-10.1.7\webapps\docs]
23-Aug-2023 07:27:49.252 INFO [main] org.apache.catalina.startup.HostConfig.deployDirectory Deployment of web application directory [C:\Users\evelyn_dutra\Documents\JavaWeb\apache-tomcat-10.1.7\webapps\docs] has finished in [34] ms
23-Aug-2023 07:27:49.252 INFO [main] org.apache.catalina.startup.HostConfig.deployDirectory Diretório de instalação da aplicação web [C:\Users\evelyn_dutra\Documents\JavaWeb\apache-tomcat-10.1.7\webapps\examples]
23-Aug-2023 07:27:49.697 INFO [main] org.apache.catalina.startup.HostConfig.deployDirectory Deployment of web application directory [C:\Users\evelyn_dutra\Documents\JavaWeb\apache-tomcat-10.1.7\webapps\examples] has finished in [445] ms
23-Aug-2023 07:27:49.698 INFO [main] org.apache.catalina.startup.HostConfig.deployDirectory Diretório de instalação da aplicação web [C:\Users\evelyn_dutra\Documents\JavaWeb\apache-tomcat-10.1.7\webapps\host-manager]
23-Aug-2023 07:27:49.743 INFO [main] org.apache.catalina.startup.HostConfig.deployDirectory Deployment of web application directory [C:\Users\evelyn_dutra\Documents\JavaWeb\apache-tomcat-10.1.7\webapps\host-manager] has finished in [45] ms
23-Aug-2023 07:27:49.743 INFO [main] org.apache.catalina.startup.HostConfig.deployDirectory Diretório de instalação da aplicação web [C:\Users\evelyn_dutra\Documents\JavaWeb\apache-tomcat-10.1.7\webapps\manager]
23-Aug-2023 07:27:49.788 INFO [main] org.apache.catalina.startup.HostConfig.deployDirectory Deployment of web application directory [C:\Users\evelyn_dutra\Documents\JavaWeb\apache-tomcat-10.1.7\webapps\manager] has finished in [45] ms
23-Aug-2023 07:27:49.788 INFO [main] org.apache.catalina.startup.HostConfig.deployDirectory Diretório de instalação da aplicação web [C:\Users\evelyn_dutra\Documents\JavaWeb\apache-tomcat-10.1.7\webapps\ROOT]
23-Aug-2023 07:27:49.815 INFO [main] org.apache.catalina.startup.HostConfig.deployDirectory Deployment of web application directory [C:\Users\evelyn_dutra\Documents\JavaWeb\apache-tomcat-10.1.7\webapps\ROOT] has finished in [27] ms
23-Aug-2023 07:27:49.818 INFO [main] org.apache.coyote.AbstractProtocol.start Starting ProtocolHandler ["http-nio-8080"]
23-Aug-2023 07:27:49.856 INFO [main] org.apache.catalina.startup.Catalina.start Server startup in [1660] milliseconds
23-Aug-2023 10:09:19.766 INFO [main] org.apache.catalina.core.StandardServer.await A valid shutdown command was received via the shutdown port. Stopping the Server instance.
23-Aug-2023 10:09:19.766 INFO [main] org.apache.coyote.AbstractProtocol.pause Pausing ProtocolHandler ["http-nio-8080"]
23-Aug-2023 10:09:19.774 INFO [main] org.apache.catalina.core.StandardService.stopInternal Stopping service [Catalina]
23-Aug-2023 10:09:19.804 INFO [main] org.apache.coyote.AbstractProtocol.stop Stopping ProtocolHandler ["http-nio-8080"]
23-Aug-2023 10:09:19.815 INFO [main] org.apache.coyote.AbstractProtocol.destroy Destroying ProtocolHandler ["http-nio-8080"]
23-Aug-2023 11:23:16.701 INFO [main] org.apache.catalina.startup.VersionLoggerListener.log Server version name:   Apache Tomcat/10.1.7
23-Aug-2023 11:23:16.704 INFO [main] org.apache.catalina.startup.VersionLoggerListener.log Server built:          Feb 27 2023 20:25:27 UTC
23-Aug-2023 11:23:16.704 INFO [main] org.apache.catalina.startup.VersionLoggerListener.log Server version number: 10.1.7.0
23-Aug-2023 11:23:16.704 INFO [main] org.apache.catalina.startup.VersionLoggerListener.log OS Name:               Windows 10
23-Aug-2023 11:23:16.704 INFO [main] org.apache.catalina.startup.VersionLoggerListener.log OS Version:            10.0
23-Aug-2023 11:23:16.705 INFO [main] org.apache.catalina.startup.VersionLoggerListener.log Architecture:          amd64
23-Aug-2023 11:23:16.705 INFO [main] org.apache.catalina.startup.VersionLoggerListener.log Java Home:             C:\Program Files\Java\jdk-17.0.2
23-Aug-2023 11:23:16.705 INFO [main] org.apache.catalina.startup.VersionLoggerListener.log JVM Version:           17.0.2+8-LTS-86
23-Aug-2023 11:23:16.705 INFO [main] org.apache.catalina.startup.VersionLoggerListener.log JVM Vendor:            Oracle Corporation
23-Aug-2023 11:23:16.705 INFO [main] org.apache.catalina.startup.VersionLoggerListener.log CATALINA_BASE:         C:\Users\evelyn_dutra\Documents\JavaWeb\apache-tomcat-10.1.7
23-Aug-2023 11:23:16.705 INFO [main] org.apache.catalina.startup.VersionLoggerListener.log CATALINA_HOME:         C:\Users\evelyn_dutra\Documents\JavaWeb\apache-tomcat-10.1.7
23-Aug-2023 11:23:16.715 INFO [main] org.apache.catalina.startup.VersionLoggerListener.log Command line argument: -Djava.util.logging.config.file=C:\Users\evelyn_dutra\Documents\JavaWeb\apache-tomcat-10.1.7\conf\logging.properties
23-Aug-2023 11:23:16.715 INFO [main] org.apache.catalina.startup.VersionLoggerListener.log Command line argument: -Djava.util.logging.manager=org.apache.juli.ClassLoaderLogManager
23-Aug-2023 11:23:16.715 INFO [main] org.apache.catalina.startup.VersionLoggerListener.log Command line argument: -Dhttp.nonProxyHosts=localhost|127.0.0.1|SN-344667
23-Aug-2023 11:23:16.715 INFO [main] org.apache.catalina.startup.VersionLoggerListener.log Command line argument: -Djdk.tls.ephemeralDHKeySize=2048
23-Aug-2023 11:23:16.715 INFO [main] org.apache.catalina.startup.VersionLoggerListener.log Command line argument: -Djava.protocol.handler.pkgs=org.apache.catalina.webresources
23-Aug-2023 11:23:16.715 INFO [main] org.apache.catalina.startup.VersionLoggerListener.log Command line argument: --add-opens=java.base/java.lang=ALL-UNNAMED
23-Aug-2023 11:23:16.715 INFO [main] org.apache.catalina.startup.VersionLoggerListener.log Command line argument: --add-opens=java.base/java.io=ALL-UNNAMED
23-Aug-2023 11:23:16.715 INFO [main] org.apache.catalina.startup.VersionLoggerListener.log Command line argument: --add-opens=java.base/java.util=ALL-UNNAMED
23-Aug-2023 11:23:16.716 INFO [main] org.apache.catalina.startup.VersionLoggerListener.log Command line argument: --add-opens=java.base/java.util.concurrent=ALL-UNNAMED
23-Aug-2023 11:23:16.716 INFO [main] org.apache.catalina.startup.VersionLoggerListener.log Command line argument: --add-opens=java.rmi/sun.rmi.transport=ALL-UNNAMED
23-Aug-2023 11:23:16.716 INFO [main] org.apache.catalina.startup.VersionLoggerListener.log Command line argument: -Dcatalina.base=C:\Users\evelyn_dutra\Documents\JavaWeb\apache-tomcat-10.1.7
23-Aug-2023 11:23:16.716 INFO [main] org.apache.catalina.startup.VersionLoggerListener.log Command line argument: -Dcatalina.home=C:\Users\evelyn_dutra\Documents\JavaWeb\apache-tomcat-10.1.7
23-Aug-2023 11:23:16.716 INFO [main] org.apache.catalina.startup.VersionLoggerListener.log Command line argument: -Djava.io.tmpdir=C:\Users\evelyn_dutra\Documents\JavaWeb\apache-tomcat-10.1.7\temp
23-Aug-2023 11:23:16.728 INFO [main] org.apache.catalina.core.AprLifecycleListener.lifecycleEvent The Apache Tomcat Native library which allows using OpenSSL was not found on the java.library.path: [C:\Program Files\Java\jdk-17.0.2\bin;C:\Windows\Sun\Java\bin;C:\Windows\system32;C:\Windows;C:\Program Files (x86)\NVIDIA Corporation\PhysX\Common;C:\Program Files\Common Files\Oracle\Java\javapath;C:\Program Files (x86)\Common Files\Oracle\Java\javapath;C:\Windows\system32;C:\Windows;C:\Windows\System32\Wbem;C:\Windows\System32\WindowsPowerShell\v1.0\;C:\Windows\System32\OpenSSH\;C:\Program Files (x86)\IronRuby 1.1\bin;C:\Program Files\Git\cmd;C:\Program Files\Inkscape\bin;C:\Program Files (x86)\IVI Foundation\VISA\WinNT\Bin;C:\Program Files\Azure Data Studio\bin;C:\Program Files\nodejs\;C:\ProgramData\UNIVALI\Portugol Studio;C:\Program Files\MATLAB\R2021a\runtime\win64;C:\Program Files\MATLAB\R2021a\bin;C:\Program Files\dotnet\;C:\Program Files\Microsoft SQL Server\120\Tools\Binn\;C:\Program Files\Microsoft SQL Server\Client SDK\ODBC\110\Tools\Binn\;C:\Program Files (x86)\Microsoft SQL Server\120\Tools\Binn\;C:\Program Files\Microsoft SQL Server\120\DTS\Binn\;C:\Program Files (x86)\Windows Kits\8.1\Windows Performance Toolkit\;C:\Program Files\Common Files\Autodesk Shared\;C:\Program Files\CodeBlocks\MinGW\bin;C:\Users\Default\AppData\Roaming\npm;C:\Users\Default\AppData\Roaming\node_modules\@angular\cli\bin;C:\Users\evelyn_dutra\AppData\Local\Microsoft\WindowsApps;;.]
23-Aug-2023 11:23:17.006 INFO [main] org.apache.coyote.AbstractProtocol.init Initializing ProtocolHandler ["http-nio-8080"]
23-Aug-2023 11:23:17.026 INFO [main] org.apache.catalina.startup.Catalina.load Server initialization in [506] milliseconds
23-Aug-2023 11:23:17.068 INFO [main] org.apache.catalina.core.StandardService.startInternal Starting service [Catalina]
23-Aug-2023 11:23:17.068 INFO [main] org.apache.catalina.core.StandardEngine.startInternal Starting Servlet engine: [Apache Tomcat/10.1.7]
23-Aug-2023 11:23:17.078 INFO [main] org.apache.catalina.startup.HostConfig.deployDescriptor Deploying deployment descriptor [C:\Users\evelyn_dutra\Documents\JavaWeb\apache-tomcat-10.1.7\conf\Catalina\localhost\JavaWeb.xml]
23-Aug-2023 11:23:17.094 WARNING [main] org.apache.catalina.startup.HostConfig.deployDescriptor The path attribute with value [/JavaWeb] in deployment descriptor [C:\Users\evelyn_dutra\Documents\JavaWeb\apache-tomcat-10.1.7\conf\Catalina\localhost\JavaWeb.xml] has been ignored
23-Aug-2023 11:23:17.402 INFO [main] org.apache.catalina.startup.HostConfig.deployDescriptor Deployment of deployment descriptor [C:\Users\evelyn_dutra\Documents\JavaWeb\apache-tomcat-10.1.7\conf\Catalina\localhost\JavaWeb.xml] has finished in [322] ms
23-Aug-2023 11:23:17.402 INFO [main] org.apache.catalina.startup.HostConfig.deployDescriptor Deploying deployment descriptor [C:\Users\evelyn_dutra\Documents\JavaWeb\apache-tomcat-10.1.7\conf\Catalina\localhost\WebLocadora303.xml]
23-Aug-2023 11:23:17.403 WARNING [main] org.apache.catalina.startup.HostConfig.deployDescriptor The path attribute with value [/WebLocadora303] in deployment descriptor [C:\Users\evelyn_dutra\Documents\JavaWeb\apache-tomcat-10.1.7\conf\Catalina\localhost\WebLocadora303.xml] has been ignored
23-Aug-2023 11:23:17.993 INFO [main] org.apache.jasper.servlet.TldScanner.scanJars At least one JAR was scanned for TLDs yet contained no TLDs. Enable debug logging for this logger for a complete list of JARs that were scanned but no TLDs were found in them. Skipping unneeded JARs during scanning can improve startup time and JSP compilation time.
23-Aug-2023 11:23:17.996 INFO [main] org.apache.catalina.startup.HostConfig.deployDescriptor Deployment of deployment descriptor [C:\Users\evelyn_dutra\Documents\JavaWeb\apache-tomcat-10.1.7\conf\Catalina\localhost\WebLocadora303.xml] has finished in [594] ms
23-Aug-2023 11:23:17.997 INFO [main] org.apache.catalina.startup.HostConfig.deployDirectory Diretório de instalação da aplicação web [C:\Users\evelyn_dutra\Documents\JavaWeb\apache-tomcat-10.1.7\webapps\docs]
23-Aug-2023 11:23:18.028 INFO [main] org.apache.catalina.startup.HostConfig.deployDirectory Deployment of web application directory [C:\Users\evelyn_dutra\Documents\JavaWeb\apache-tomcat-10.1.7\webapps\docs] has finished in [31] ms
23-Aug-2023 11:23:18.028 INFO [main] org.apache.catalina.startup.HostConfig.deployDirectory Diretório de instalação da aplicação web [C:\Users\evelyn_dutra\Documents\JavaWeb\apache-tomcat-10.1.7\webapps\examples]
23-Aug-2023 11:23:18.412 INFO [main] org.apache.catalina.startup.HostConfig.deployDirectory Deployment of web application directory [C:\Users\evelyn_dutra\Documents\JavaWeb\apache-tomcat-10.1.7\webapps\examples] has finished in [384] ms
23-Aug-2023 11:23:18.413 INFO [main] org.apache.catalina.startup.HostConfig.deployDirectory Diretório de instalação da aplicação web [C:\Users\evelyn_dutra\Documents\JavaWeb\apache-tomcat-10.1.7\webapps\host-manager]
23-Aug-2023 11:23:18.454 INFO [main] org.apache.catalina.startup.HostConfig.deployDirectory Deployment of web application directory [C:\Users\evelyn_dutra\Documents\JavaWeb\apache-tomcat-10.1.7\webapps\host-manager] has finished in [40] ms
23-Aug-2023 11:23:18.454 INFO [main] org.apache.catalina.startup.HostConfig.deployDirectory Diretório de instalação da aplicação web [C:\Users\evelyn_dutra\Documents\JavaWeb\apache-tomcat-10.1.7\webapps\manager]
23-Aug-2023 11:23:18.495 INFO [main] org.apache.catalina.startup.HostConfig.deployDirectory Deployment of web application directory [C:\Users\evelyn_dutra\Documents\JavaWeb\apache-tomcat-10.1.7\webapps\manager] has finished in [41] ms
23-Aug-2023 11:23:18.495 INFO [main] org.apache.catalina.startup.HostConfig.deployDirectory Diretório de instalação da aplicação web [C:\Users\evelyn_dutra\Documents\JavaWeb\apache-tomcat-10.1.7\webapps\ROOT]
23-Aug-2023 11:23:18.522 INFO [main] org.apache.catalina.startup.HostConfig.deployDirectory Deployment of web application directory [C:\Users\evelyn_dutra\Documents\JavaWeb\apache-tomcat-10.1.7\webapps\ROOT] has finished in [27] ms
23-Aug-2023 11:23:18.526 INFO [main] org.apache.coyote.AbstractProtocol.start Starting ProtocolHandler ["http-nio-8080"]
23-Aug-2023 11:23:18.556 INFO [main] org.apache.catalina.startup.Catalina.start Server startup in [1529] milliseconds
