24-Aug-2023 08:57:32.951 INFO [main] org.apache.catalina.startup.VersionLoggerListener.log Server version name:   Apache Tomcat/10.1.7
24-Aug-2023 08:57:32.954 INFO [main] org.apache.catalina.startup.VersionLoggerListener.log Server built:          Feb 27 2023 20:25:27 UTC
24-Aug-2023 08:57:32.954 INFO [main] org.apache.catalina.startup.VersionLoggerListener.log Server version number: 10.1.7.0
24-Aug-2023 08:57:32.954 INFO [main] org.apache.catalina.startup.VersionLoggerListener.log OS Name:               Windows 10
24-Aug-2023 08:57:32.954 INFO [main] org.apache.catalina.startup.VersionLoggerListener.log OS Version:            10.0
24-Aug-2023 08:57:32.955 INFO [main] org.apache.catalina.startup.VersionLoggerListener.log Architecture:          amd64
24-Aug-2023 08:57:32.955 INFO [main] org.apache.catalina.startup.VersionLoggerListener.log Java Home:             C:\Program Files\Java\jdk-17.0.2
24-Aug-2023 08:57:32.955 INFO [main] org.apache.catalina.startup.VersionLoggerListener.log JVM Version:           17.0.2+8-LTS-86
24-Aug-2023 08:57:32.955 INFO [main] org.apache.catalina.startup.VersionLoggerListener.log JVM Vendor:            Oracle Corporation
24-Aug-2023 08:57:32.955 INFO [main] org.apache.catalina.startup.VersionLoggerListener.log CATALINA_BASE:         C:\Users\evelyn_dutra\Documents\JavaWeb\apache-tomcat-10.1.7
24-Aug-2023 08:57:32.955 INFO [main] org.apache.catalina.startup.VersionLoggerListener.log CATALINA_HOME:         C:\Users\evelyn_dutra\Documents\JavaWeb\apache-tomcat-10.1.7
24-Aug-2023 08:57:32.965 INFO [main] org.apache.catalina.startup.VersionLoggerListener.log Command line argument: -Djava.util.logging.config.file=C:\Users\evelyn_dutra\Documents\JavaWeb\apache-tomcat-10.1.7\conf\logging.properties
24-Aug-2023 08:57:32.966 INFO [main] org.apache.catalina.startup.VersionLoggerListener.log Command line argument: -Djava.util.logging.manager=org.apache.juli.ClassLoaderLogManager
24-Aug-2023 08:57:32.966 INFO [main] org.apache.catalina.startup.VersionLoggerListener.log Command line argument: -Dhttp.nonProxyHosts=localhost|127.0.0.1|SN-344667
24-Aug-2023 08:57:32.966 INFO [main] org.apache.catalina.startup.VersionLoggerListener.log Command line argument: -Djdk.tls.ephemeralDHKeySize=2048
24-Aug-2023 08:57:32.966 INFO [main] org.apache.catalina.startup.VersionLoggerListener.log Command line argument: -Djava.protocol.handler.pkgs=org.apache.catalina.webresources
24-Aug-2023 08:57:32.966 INFO [main] org.apache.catalina.startup.VersionLoggerListener.log Command line argument: --add-opens=java.base/java.lang=ALL-UNNAMED
24-Aug-2023 08:57:32.966 INFO [main] org.apache.catalina.startup.VersionLoggerListener.log Command line argument: --add-opens=java.base/java.io=ALL-UNNAMED
24-Aug-2023 08:57:32.966 INFO [main] org.apache.catalina.startup.VersionLoggerListener.log Command line argument: --add-opens=java.base/java.util=ALL-UNNAMED
24-Aug-2023 08:57:32.966 INFO [main] org.apache.catalina.startup.VersionLoggerListener.log Command line argument: --add-opens=java.base/java.util.concurrent=ALL-UNNAMED
24-Aug-2023 08:57:32.967 INFO [main] org.apache.catalina.startup.VersionLoggerListener.log Command line argument: --add-opens=java.rmi/sun.rmi.transport=ALL-UNNAMED
24-Aug-2023 08:57:32.967 INFO [main] org.apache.catalina.startup.VersionLoggerListener.log Command line argument: -Dcatalina.base=C:\Users\evelyn_dutra\Documents\JavaWeb\apache-tomcat-10.1.7
24-Aug-2023 08:57:32.967 INFO [main] org.apache.catalina.startup.VersionLoggerListener.log Command line argument: -Dcatalina.home=C:\Users\evelyn_dutra\Documents\JavaWeb\apache-tomcat-10.1.7
24-Aug-2023 08:57:32.967 INFO [main] org.apache.catalina.startup.VersionLoggerListener.log Command line argument: -Djava.io.tmpdir=C:\Users\evelyn_dutra\Documents\JavaWeb\apache-tomcat-10.1.7\temp
24-Aug-2023 08:57:32.979 INFO [main] org.apache.catalina.core.AprLifecycleListener.lifecycleEvent The Apache Tomcat Native library which allows using OpenSSL was not found on the java.library.path: [C:\Program Files\Java\jdk-17.0.2\bin;C:\Windows\Sun\Java\bin;C:\Windows\system32;C:\Windows;C:\Program Files (x86)\NVIDIA Corporation\PhysX\Common;C:\Program Files\Common Files\Oracle\Java\javapath;C:\Program Files (x86)\Common Files\Oracle\Java\javapath;C:\Windows\system32;C:\Windows;C:\Windows\System32\Wbem;C:\Windows\System32\WindowsPowerShell\v1.0\;C:\Windows\System32\OpenSSH\;C:\Program Files (x86)\IronRuby 1.1\bin;C:\Program Files\Git\cmd;C:\Program Files\Inkscape\bin;C:\Program Files (x86)\IVI Foundation\VISA\WinNT\Bin;C:\Program Files\Azure Data Studio\bin;C:\Program Files\nodejs\;C:\ProgramData\UNIVALI\Portugol Studio;C:\Program Files\MATLAB\R2021a\runtime\win64;C:\Program Files\MATLAB\R2021a\bin;C:\Program Files\dotnet\;C:\Program Files\Microsoft SQL Server\120\Tools\Binn\;C:\Program Files\Microsoft SQL Server\Client SDK\ODBC\110\Tools\Binn\;C:\Program Files (x86)\Microsoft SQL Server\120\Tools\Binn\;C:\Program Files\Microsoft SQL Server\120\DTS\Binn\;C:\Program Files (x86)\Windows Kits\8.1\Windows Performance Toolkit\;C:\Program Files\Common Files\Autodesk Shared\;C:\Program Files\CodeBlocks\MinGW\bin;C:\Users\Default\AppData\Roaming\npm;C:\Users\Default\AppData\Roaming\node_modules\@angular\cli\bin;C:\Users\evelyn_dutra\AppData\Local\Microsoft\WindowsApps;;.]
24-Aug-2023 08:57:33.224 INFO [main] org.apache.coyote.AbstractProtocol.init Initializing ProtocolHandler ["http-nio-8080"]
24-Aug-2023 08:57:33.249 INFO [main] org.apache.catalina.startup.Catalina.load Server initialization in [492] milliseconds
24-Aug-2023 08:57:33.300 INFO [main] org.apache.catalina.core.StandardService.startInternal Starting service [Catalina]
24-Aug-2023 08:57:33.300 INFO [main] org.apache.catalina.core.StandardEngine.startInternal Starting Servlet engine: [Apache Tomcat/10.1.7]
24-Aug-2023 08:57:33.312 INFO [main] org.apache.catalina.startup.HostConfig.deployDescriptor Deploying deployment descriptor [C:\Users\evelyn_dutra\Documents\JavaWeb\apache-tomcat-10.1.7\conf\Catalina\localhost\JavaWeb.xml]
24-Aug-2023 08:57:33.330 WARNING [main] org.apache.catalina.startup.HostConfig.deployDescriptor The path attribute with value [/JavaWeb] in deployment descriptor [C:\Users\evelyn_dutra\Documents\JavaWeb\apache-tomcat-10.1.7\conf\Catalina\localhost\JavaWeb.xml] has been ignored
24-Aug-2023 08:57:33.672 INFO [main] org.apache.catalina.startup.HostConfig.deployDescriptor Deployment of deployment descriptor [C:\Users\evelyn_dutra\Documents\JavaWeb\apache-tomcat-10.1.7\conf\Catalina\localhost\JavaWeb.xml] has finished in [358] ms
24-Aug-2023 08:57:33.672 INFO [main] org.apache.catalina.startup.HostConfig.deployDescriptor Deploying deployment descriptor [C:\Users\evelyn_dutra\Documents\JavaWeb\apache-tomcat-10.1.7\conf\Catalina\localhost\WebLocadora303.xml]
24-Aug-2023 08:57:33.673 WARNING [main] org.apache.catalina.startup.HostConfig.deployDescriptor The path attribute with value [/WebLocadora303] in deployment descriptor [C:\Users\evelyn_dutra\Documents\JavaWeb\apache-tomcat-10.1.7\conf\Catalina\localhost\WebLocadora303.xml] has been ignored
24-Aug-2023 08:57:34.254 INFO [main] org.apache.jasper.servlet.TldScanner.scanJars At least one JAR was scanned for TLDs yet contained no TLDs. Enable debug logging for this logger for a complete list of JARs that were scanned but no TLDs were found in them. Skipping unneeded JARs during scanning can improve startup time and JSP compilation time.
24-Aug-2023 08:57:34.257 INFO [main] org.apache.catalina.startup.HostConfig.deployDescriptor Deployment of deployment descriptor [C:\Users\evelyn_dutra\Documents\JavaWeb\apache-tomcat-10.1.7\conf\Catalina\localhost\WebLocadora303.xml] has finished in [585] ms
24-Aug-2023 08:57:34.258 INFO [main] org.apache.catalina.startup.HostConfig.deployDirectory Diretório de instalação da aplicação web [C:\Users\evelyn_dutra\Documents\JavaWeb\apache-tomcat-10.1.7\webapps\docs]
24-Aug-2023 08:57:34.293 INFO [main] org.apache.catalina.startup.HostConfig.deployDirectory Deployment of web application directory [C:\Users\evelyn_dutra\Documents\JavaWeb\apache-tomcat-10.1.7\webapps\docs] has finished in [35] ms
24-Aug-2023 08:57:34.293 INFO [main] org.apache.catalina.startup.HostConfig.deployDirectory Diretório de instalação da aplicação web [C:\Users\evelyn_dutra\Documents\JavaWeb\apache-tomcat-10.1.7\webapps\examples]
24-Aug-2023 08:57:34.776 INFO [main] org.apache.catalina.startup.HostConfig.deployDirectory Deployment of web application directory [C:\Users\evelyn_dutra\Documents\JavaWeb\apache-tomcat-10.1.7\webapps\examples] has finished in [483] ms
24-Aug-2023 08:57:34.777 INFO [main] org.apache.catalina.startup.HostConfig.deployDirectory Diretório de instalação da aplicação web [C:\Users\evelyn_dutra\Documents\JavaWeb\apache-tomcat-10.1.7\webapps\host-manager]
24-Aug-2023 08:57:34.818 INFO [main] org.apache.catalina.startup.HostConfig.deployDirectory Deployment of web application directory [C:\Users\evelyn_dutra\Documents\JavaWeb\apache-tomcat-10.1.7\webapps\host-manager] has finished in [41] ms
24-Aug-2023 08:57:34.819 INFO [main] org.apache.catalina.startup.HostConfig.deployDirectory Diretório de instalação da aplicação web [C:\Users\evelyn_dutra\Documents\JavaWeb\apache-tomcat-10.1.7\webapps\manager]
24-Aug-2023 08:57:34.863 INFO [main] org.apache.catalina.startup.HostConfig.deployDirectory Deployment of web application directory [C:\Users\evelyn_dutra\Documents\JavaWeb\apache-tomcat-10.1.7\webapps\manager] has finished in [44] ms
24-Aug-2023 08:57:34.863 INFO [main] org.apache.catalina.startup.HostConfig.deployDirectory Diretório de instalação da aplicação web [C:\Users\evelyn_dutra\Documents\JavaWeb\apache-tomcat-10.1.7\webapps\ROOT]
24-Aug-2023 08:57:34.892 INFO [main] org.apache.catalina.startup.HostConfig.deployDirectory Deployment of web application directory [C:\Users\evelyn_dutra\Documents\JavaWeb\apache-tomcat-10.1.7\webapps\ROOT] has finished in [29] ms
24-Aug-2023 08:57:34.895 INFO [main] org.apache.coyote.AbstractProtocol.start Starting ProtocolHandler ["http-nio-8080"]
24-Aug-2023 08:57:34.933 INFO [main] org.apache.catalina.startup.Catalina.start Server startup in [1684] milliseconds
24-Aug-2023 10:31:18.684 INFO [http-nio-8080-exec-3] org.apache.catalina.startup.HostConfig.undeploy Undeploying context [/WebLocadora303]
24-Aug-2023 10:31:18.703 INFO [http-nio-8080-exec-10] org.apache.catalina.startup.HostConfig.deployDescriptor Deploying deployment descriptor [C:\Users\evelyn_dutra\Documents\JavaWeb\apache-tomcat-10.1.7\conf\Catalina\localhost\WebLocadora303.xml]
24-Aug-2023 10:31:18.704 WARNING [http-nio-8080-exec-10] org.apache.catalina.startup.HostConfig.deployDescriptor The path attribute with value [/WebLocadora303] in deployment descriptor [C:\Users\evelyn_dutra\Documents\JavaWeb\apache-tomcat-10.1.7\conf\Catalina\localhost\WebLocadora303.xml] has been ignored
24-Aug-2023 10:31:19.275 INFO [http-nio-8080-exec-10] org.apache.jasper.servlet.TldScanner.scanJars At least one JAR was scanned for TLDs yet contained no TLDs. Enable debug logging for this logger for a complete list of JARs that were scanned but no TLDs were found in them. Skipping unneeded JARs during scanning can improve startup time and JSP compilation time.
24-Aug-2023 10:31:19.279 INFO [http-nio-8080-exec-10] org.apache.catalina.startup.HostConfig.deployDescriptor Deployment of deployment descriptor [C:\Users\evelyn_dutra\Documents\JavaWeb\apache-tomcat-10.1.7\conf\Catalina\localhost\WebLocadora303.xml] has finished in [576] ms
24-Aug-2023 10:31:19.911 INFO [http-nio-8080-exec-7] org.apache.catalina.core.StandardContext.reload Reloading Context with name [/WebLocadora303] has started
24-Aug-2023 10:31:20.397 INFO [http-nio-8080-exec-7] org.apache.jasper.servlet.TldScanner.scanJars At least one JAR was scanned for TLDs yet contained no TLDs. Enable debug logging for this logger for a complete list of JARs that were scanned but no TLDs were found in them. Skipping unneeded JARs during scanning can improve startup time and JSP compilation time.
24-Aug-2023 10:31:20.399 INFO [http-nio-8080-exec-7] org.apache.catalina.core.StandardContext.reload Reloading Context with name [/WebLocadora303] is completed
24-Aug-2023 12:19:32.643 INFO [main] org.apache.catalina.core.StandardServer.await A valid shutdown command was received via the shutdown port. Stopping the Server instance.
24-Aug-2023 12:19:32.644 INFO [main] org.apache.coyote.AbstractProtocol.pause Pausing ProtocolHandler ["http-nio-8080"]
24-Aug-2023 12:19:32.650 INFO [main] org.apache.catalina.core.StandardService.stopInternal Stopping service [Catalina]
24-Aug-2023 12:19:32.664 INFO [main] org.apache.coyote.AbstractProtocol.stop Stopping ProtocolHandler ["http-nio-8080"]
24-Aug-2023 12:19:32.676 INFO [main] org.apache.coyote.AbstractProtocol.destroy Destroying ProtocolHandler ["http-nio-8080"]
