17-Aug-2023 08:11:33.404 INFO [main] org.apache.catalina.startup.VersionLoggerListener.log Server version name:   Apache Tomcat/10.1.7
17-Aug-2023 08:11:33.407 INFO [main] org.apache.catalina.startup.VersionLoggerListener.log Server built:          Feb 27 2023 20:25:27 UTC
17-Aug-2023 08:11:33.408 INFO [main] org.apache.catalina.startup.VersionLoggerListener.log Server version number: 10.1.7.0
17-Aug-2023 08:11:33.408 INFO [main] org.apache.catalina.startup.VersionLoggerListener.log OS Name:               Windows 10
17-Aug-2023 08:11:33.408 INFO [main] org.apache.catalina.startup.VersionLoggerListener.log OS Version:            10.0
17-Aug-2023 08:11:33.408 INFO [main] org.apache.catalina.startup.VersionLoggerListener.log Architecture:          amd64
17-Aug-2023 08:11:33.408 INFO [main] org.apache.catalina.startup.VersionLoggerListener.log Java Home:             C:\Program Files\Java\jdk-17.0.2
17-Aug-2023 08:11:33.408 INFO [main] org.apache.catalina.startup.VersionLoggerListener.log JVM Version:           17.0.2+8-LTS-86
17-Aug-2023 08:11:33.408 INFO [main] org.apache.catalina.startup.VersionLoggerListener.log JVM Vendor:            Oracle Corporation
17-Aug-2023 08:11:33.408 INFO [main] org.apache.catalina.startup.VersionLoggerListener.log CATALINA_BASE:         C:\Users\evelyn_dutra\Documents\JavaWeb\apache-tomcat-10.1.7
17-Aug-2023 08:11:33.408 INFO [main] org.apache.catalina.startup.VersionLoggerListener.log CATALINA_HOME:         C:\Users\evelyn_dutra\Documents\JavaWeb\apache-tomcat-10.1.7
17-Aug-2023 08:11:33.418 INFO [main] org.apache.catalina.startup.VersionLoggerListener.log Command line argument: -Djava.util.logging.config.file=C:\Users\evelyn_dutra\Documents\JavaWeb\apache-tomcat-10.1.7\conf\logging.properties
17-Aug-2023 08:11:33.418 INFO [main] org.apache.catalina.startup.VersionLoggerListener.log Command line argument: -Djava.util.logging.manager=org.apache.juli.ClassLoaderLogManager
17-Aug-2023 08:11:33.418 INFO [main] org.apache.catalina.startup.VersionLoggerListener.log Command line argument: -Dhttp.nonProxyHosts=localhost|127.0.0.1|SN-344667
17-Aug-2023 08:11:33.418 INFO [main] org.apache.catalina.startup.VersionLoggerListener.log Command line argument: -Djdk.tls.ephemeralDHKeySize=2048
17-Aug-2023 08:11:33.418 INFO [main] org.apache.catalina.startup.VersionLoggerListener.log Command line argument: -Djava.protocol.handler.pkgs=org.apache.catalina.webresources
17-Aug-2023 08:11:33.418 INFO [main] org.apache.catalina.startup.VersionLoggerListener.log Command line argument: --add-opens=java.base/java.lang=ALL-UNNAMED
17-Aug-2023 08:11:33.418 INFO [main] org.apache.catalina.startup.VersionLoggerListener.log Command line argument: --add-opens=java.base/java.io=ALL-UNNAMED
17-Aug-2023 08:11:33.419 INFO [main] org.apache.catalina.startup.VersionLoggerListener.log Command line argument: --add-opens=java.base/java.util=ALL-UNNAMED
17-Aug-2023 08:11:33.419 INFO [main] org.apache.catalina.startup.VersionLoggerListener.log Command line argument: --add-opens=java.base/java.util.concurrent=ALL-UNNAMED
17-Aug-2023 08:11:33.419 INFO [main] org.apache.catalina.startup.VersionLoggerListener.log Command line argument: --add-opens=java.rmi/sun.rmi.transport=ALL-UNNAMED
17-Aug-2023 08:11:33.419 INFO [main] org.apache.catalina.startup.VersionLoggerListener.log Command line argument: -Dcatalina.base=C:\Users\evelyn_dutra\Documents\JavaWeb\apache-tomcat-10.1.7
17-Aug-2023 08:11:33.419 INFO [main] org.apache.catalina.startup.VersionLoggerListener.log Command line argument: -Dcatalina.home=C:\Users\evelyn_dutra\Documents\JavaWeb\apache-tomcat-10.1.7
17-Aug-2023 08:11:33.419 INFO [main] org.apache.catalina.startup.VersionLoggerListener.log Command line argument: -Djava.io.tmpdir=C:\Users\evelyn_dutra\Documents\JavaWeb\apache-tomcat-10.1.7\temp
17-Aug-2023 08:11:33.430 INFO [main] org.apache.catalina.core.AprLifecycleListener.lifecycleEvent The Apache Tomcat Native library which allows using OpenSSL was not found on the java.library.path: [C:\Program Files\Java\jdk-17.0.2\bin;C:\Windows\Sun\Java\bin;C:\Windows\system32;C:\Windows;C:\Program Files (x86)\NVIDIA Corporation\PhysX\Common;C:\Program Files\Common Files\Oracle\Java\javapath;C:\Program Files (x86)\Common Files\Oracle\Java\javapath;C:\Windows\system32;C:\Windows;C:\Windows\System32\Wbem;C:\Windows\System32\WindowsPowerShell\v1.0\;C:\Windows\System32\OpenSSH\;C:\Program Files (x86)\IronRuby 1.1\bin;C:\Program Files\Git\cmd;C:\Program Files\Inkscape\bin;C:\Program Files (x86)\IVI Foundation\VISA\WinNT\Bin;C:\Program Files\Azure Data Studio\bin;C:\Program Files\nodejs\;C:\ProgramData\UNIVALI\Portugol Studio;C:\Program Files\MATLAB\R2021a\runtime\win64;C:\Program Files\MATLAB\R2021a\bin;C:\Program Files\dotnet\;C:\Program Files\Microsoft SQL Server\120\Tools\Binn\;C:\Program Files\Microsoft SQL Server\Client SDK\ODBC\110\Tools\Binn\;C:\Program Files (x86)\Microsoft SQL Server\120\Tools\Binn\;C:\Program Files\Microsoft SQL Server\120\DTS\Binn\;C:\Program Files (x86)\Windows Kits\8.1\Windows Performance Toolkit\;C:\Program Files\Common Files\Autodesk Shared\;C:\Program Files\CodeBlocks\MinGW\bin;C:\Users\Default\AppData\Roaming\npm;C:\Users\Default\AppData\Roaming\node_modules\@angular\cli\bin;C:\Users\evelyn_dutra\AppData\Local\Microsoft\WindowsApps;;.]
17-Aug-2023 08:11:33.654 INFO [main] org.apache.coyote.AbstractProtocol.init Initializing ProtocolHandler ["http-nio-8080"]
17-Aug-2023 08:11:33.673 INFO [main] org.apache.catalina.startup.Catalina.load Server initialization in [446] milliseconds
17-Aug-2023 08:11:33.716 INFO [main] org.apache.catalina.core.StandardService.startInternal Starting service [Catalina]
17-Aug-2023 08:11:33.716 INFO [main] org.apache.catalina.core.StandardEngine.startInternal Starting Servlet engine: [Apache Tomcat/10.1.7]
17-Aug-2023 08:11:33.726 INFO [main] org.apache.catalina.startup.HostConfig.deployDirectory Diretório de instalação da aplicação web [C:\Users\evelyn_dutra\Documents\JavaWeb\apache-tomcat-10.1.7\webapps\docs]
17-Aug-2023 08:11:34.038 INFO [main] org.apache.catalina.startup.HostConfig.deployDirectory Deployment of web application directory [C:\Users\evelyn_dutra\Documents\JavaWeb\apache-tomcat-10.1.7\webapps\docs] has finished in [310] ms
17-Aug-2023 08:11:34.038 INFO [main] org.apache.catalina.startup.HostConfig.deployDirectory Diretório de instalação da aplicação web [C:\Users\evelyn_dutra\Documents\JavaWeb\apache-tomcat-10.1.7\webapps\examples]
17-Aug-2023 08:11:34.516 INFO [main] org.apache.catalina.startup.HostConfig.deployDirectory Deployment of web application directory [C:\Users\evelyn_dutra\Documents\JavaWeb\apache-tomcat-10.1.7\webapps\examples] has finished in [477] ms
17-Aug-2023 08:11:34.516 INFO [main] org.apache.catalina.startup.HostConfig.deployDirectory Diretório de instalação da aplicação web [C:\Users\evelyn_dutra\Documents\JavaWeb\apache-tomcat-10.1.7\webapps\host-manager]
17-Aug-2023 08:11:34.560 INFO [main] org.apache.catalina.startup.HostConfig.deployDirectory Deployment of web application directory [C:\Users\evelyn_dutra\Documents\JavaWeb\apache-tomcat-10.1.7\webapps\host-manager] has finished in [43] ms
17-Aug-2023 08:11:34.560 INFO [main] org.apache.catalina.startup.HostConfig.deployDirectory Diretório de instalação da aplicação web [C:\Users\evelyn_dutra\Documents\JavaWeb\apache-tomcat-10.1.7\webapps\manager]
17-Aug-2023 08:11:34.604 INFO [main] org.apache.catalina.startup.HostConfig.deployDirectory Deployment of web application directory [C:\Users\evelyn_dutra\Documents\JavaWeb\apache-tomcat-10.1.7\webapps\manager] has finished in [43] ms
17-Aug-2023 08:11:34.604 INFO [main] org.apache.catalina.startup.HostConfig.deployDirectory Diretório de instalação da aplicação web [C:\Users\evelyn_dutra\Documents\JavaWeb\apache-tomcat-10.1.7\webapps\ROOT]
17-Aug-2023 08:11:34.629 INFO [main] org.apache.catalina.startup.HostConfig.deployDirectory Deployment of web application directory [C:\Users\evelyn_dutra\Documents\JavaWeb\apache-tomcat-10.1.7\webapps\ROOT] has finished in [24] ms
17-Aug-2023 08:11:34.632 INFO [main] org.apache.coyote.AbstractProtocol.start Starting ProtocolHandler ["http-nio-8080"]
17-Aug-2023 08:11:34.661 INFO [main] org.apache.catalina.startup.Catalina.start Server startup in [986] milliseconds
17-Aug-2023 08:11:42.977 INFO [http-nio-8080-exec-10] org.apache.catalina.startup.HostConfig.deployDescriptor Deploying deployment descriptor [C:\Users\evelyn_dutra\Documents\JavaWeb\apache-tomcat-10.1.7\conf\Catalina\localhost\WebLocadora303.xml]
17-Aug-2023 08:11:42.978 WARNING [http-nio-8080-exec-10] org.apache.catalina.startup.HostConfig.deployDescriptor The path attribute with value [/WebLocadora303] in deployment descriptor [C:\Users\evelyn_dutra\Documents\JavaWeb\apache-tomcat-10.1.7\conf\Catalina\localhost\WebLocadora303.xml] has been ignored
17-Aug-2023 08:11:43.520 INFO [http-nio-8080-exec-10] org.apache.jasper.servlet.TldScanner.scanJars At least one JAR was scanned for TLDs yet contained no TLDs. Enable debug logging for this logger for a complete list of JARs that were scanned but no TLDs were found in them. Skipping unneeded JARs during scanning can improve startup time and JSP compilation time.
17-Aug-2023 08:11:43.526 INFO [http-nio-8080-exec-10] org.apache.catalina.startup.HostConfig.deployDescriptor Deployment of deployment descriptor [C:\Users\evelyn_dutra\Documents\JavaWeb\apache-tomcat-10.1.7\conf\Catalina\localhost\WebLocadora303.xml] has finished in [549] ms
17-Aug-2023 08:11:43.529 INFO [http-nio-8080-exec-1] org.apache.catalina.util.LifecycleBase.start The start() method was called on component [StandardEngine[Catalina].StandardHost[localhost].StandardContext[/WebLocadora303]] after start() had already been called. The second call will be ignored.
17-Aug-2023 08:12:44.258 INFO [http-nio-8080-exec-7] org.apache.catalina.startup.HostConfig.deployDescriptor Deploying deployment descriptor [C:\Users\evelyn_dutra\Documents\JavaWeb\apache-tomcat-10.1.7\conf\Catalina\localhost\JavaWeb.xml]
17-Aug-2023 08:12:44.259 WARNING [http-nio-8080-exec-7] org.apache.catalina.startup.HostConfig.deployDescriptor The path attribute with value [/JavaWeb] in deployment descriptor [C:\Users\evelyn_dutra\Documents\JavaWeb\apache-tomcat-10.1.7\conf\Catalina\localhost\JavaWeb.xml] has been ignored
17-Aug-2023 08:12:44.297 INFO [http-nio-8080-exec-7] org.apache.catalina.startup.HostConfig.deployDescriptor Deployment of deployment descriptor [C:\Users\evelyn_dutra\Documents\JavaWeb\apache-tomcat-10.1.7\conf\Catalina\localhost\JavaWeb.xml] has finished in [39] ms
17-Aug-2023 08:12:44.300 INFO [http-nio-8080-exec-5] org.apache.catalina.util.LifecycleBase.start The start() method was called on component [StandardEngine[Catalina].StandardHost[localhost].StandardContext[/JavaWeb]] after start() had already been called. The second call will be ignored.
17-Aug-2023 11:50:26.073 INFO [main] org.apache.catalina.core.StandardServer.await A valid shutdown command was received via the shutdown port. Stopping the Server instance.
17-Aug-2023 11:50:26.074 INFO [main] org.apache.coyote.AbstractProtocol.pause Pausing ProtocolHandler ["http-nio-8080"]
17-Aug-2023 11:50:26.080 INFO [main] org.apache.catalina.core.StandardService.stopInternal Stopping service [Catalina]
17-Aug-2023 11:50:26.102 INFO [main] org.apache.coyote.AbstractProtocol.stop Stopping ProtocolHandler ["http-nio-8080"]
17-Aug-2023 11:50:26.105 INFO [main] org.apache.coyote.AbstractProtocol.destroy Destroying ProtocolHandler ["http-nio-8080"]
